2023-09-18 15:30:09.634 8ecc135e-9dd4-4453-86fc-6df40d7dfe1b
6-bbb514ae-673e-442e-a739-0a38af604c74-/DeanInquiryManage/BusinessRanking/Index
2023-09-18 15:30:10.618 0aea582b-a262-441b-ab77-df489989d2be
6-7cbfb05c-308c-4a34-a2e8-4dc031dcce02-/DeanInquiryManage/BusinessRanking/Index

2023-09-18 15:30:10.619 d06e0e3a-8537-4b90-9b6a-8d50060ef4b5
6-7cbfb05c-308c-4a34-a2e8-4dc031dcce02-/DeanInquiryManage/BusinessRanking/Index

2023-09-18 15:30:10.628 c5c81e22-ce01-46c9-9884-933d18963f27
6-7cbfb05c-308c-4a34-a2e8-4dc031dcce02-/DeanInquiryManage/BusinessRanking/Index

2023-09-18 15:30:10.637 aecb2f66-ab2f-48d4-bdb9-881a9e165720
6-7cbfb05c-308c-4a34-a2e8-4dc031dcce02-/DeanInquiryManage/BusinessRanking/Index

2023-09-18 15:30:17.972 338473cb-3339-4ff5-9297-e8811a1def0d
6-b8caa734-9b4d-4ffa-8a54-236357fa3491-/DeanInquiryManage/OutpatientWorkload/Index

2023-09-18 15:30:20.355 ac76af9a-55e3-45ee-9b7a-9bd4910eef5f
6-41ce66e2-f04c-4343-aef1-7faeac2d58d6-/DeanInquiryManage/OutpatientCostAnalysis/Index

2023-09-18 15:30:24.761 73e41f90-1cd3-4b64-9c6b-338a3e1af808
6-c2c52a4d-fe01-4b6d-be32-8b177beeb33c-/DeanInquiryManage/OutpatientBenefits/Index

2023-09-18 15:30:32.793 cea9a7c2-8c61-4d44-a497-59c3c2e81c9d
6-9d89b78e-cbc1-4f10-9099-f7015b39bd1a-/DeanInquiryManage/HospitalizationWorkload/Index

2023-09-18 15:30:33.121 d28165e5-3e04-4392-874d-5e45d39b9cc2
6-9d89b78e-cbc1-4f10-9099-f7015b39bd1a-/DeanInquiryManage/HospitalizationWorkload/Index

2023-09-18 15:31:25.327 8853b79b-41ad-4510-8070-fc4a016a2b00
6-9d89b78e-cbc1-4f10-9099-f7015b39bd1a-/DeanInquiryManage/InpatientCostAnalysis/Index

2023-09-18 15:32:00.800 8c8bad0d-edc8-4780-be47-d2534ea3d4bf
6-0ae383fd-da76-4d28-b3e3-f0c828bd62b8-/DeanInquiryManage/DrugTracking/Index

2023-09-18 15:32:01.223 a385c19e-087d-4a2c-9a25-16f8833f74aa
6-0ae383fd-da76-4d28-b3e3-f0c828bd62b8-/DeanInquiryManage/DrugTracking/Index

2023-09-18 15:32:03.376 e2684e1d-fb6b-4daf-abb5-c6d6e6883398
6-0ae383fd-da76-4d28-b3e3-f0c828bd62b8-/DeanInquiryManage/ConsumableTracking/Index

2023-09-18 15:32:03.892 94081e18-370b-459c-a7e1-6bc5579a6f50
6-0aaaa807-c3f8-4f23-b603-b60dbaa38d20-/DeanInquiryManage/ConsumableTracking/Index

