2023-09-18 14:00:30.019 9b983e55-9933-489c-8147-67f4b6b097fd
6-2178ddf8-9bf3-4243-9b03-3c87b49cdd7f-/Home/Index
2023-09-18 14:12:20.293 92be64f5-86f1-42e5-b1b6-7d6f89727b45
6-2178ddf8-9bf3-4243-9b03-3c87b49cdd7f-/SystemManage/SysModule/Index

2023-09-18 14:20:58.415 0102f578-9b6b-4752-916c-7f1cb831ece5
6-91A6CFAD-B2F9-4294-BDAE-76DECF412C6C-/SystemManage/SysRole/Index

2023-09-18 14:21:36.470 0dae7771-d6b9-46ce-8a4b-2fcae7f40c22
6-91A6CFAD-B2F9-4294-BDAE-76DECF412C6C-/Home/Index

2023-09-18 14:21:39.212 575a539f-fd1a-4eb9-98c3-b2d99d2b205b
6-c385b764-47bc-4679-944e-67b71ed92e9e-/DeanInquiryManage/DailyUpdates/Index

2023-09-18 14:23:42.955 bbc6e4d4-acd9-4154-93bd-d5efa2f7f483
6-0aaaa807-c3f8-4f23-b603-b60dbaa38d20-/DeanInquiryManage/ConsumableTracking/Index

2023-09-18 14:23:44.039 82605404-c91e-47a3-b341-03cbf9a2e833
6-0aaaa807-c3f8-4f23-b603-b60dbaa38d20-/DeanInquiryManage/ConsumableTracking/Index

2023-09-18 14:23:51.900 2a95d1aa-cdf8-495c-b40c-3cff657340ae
6-0aaaa807-c3f8-4f23-b603-b60dbaa38d20-/DeanInquiryManage/DrugTracking/Index

2023-09-18 14:23:52.881 b9d1c080-0b63-45d0-a64f-7fe6b78e4f04
6-0ae383fd-da76-4d28-b3e3-f0c828bd62b8-/DeanInquiryManage/DrugTracking/Index

2023-09-18 14:24:12.086 71833681-6bce-418e-b53e-e9df17914604
6-0ae383fd-da76-4d28-b3e3-f0c828bd62b8-/DeanInquiryManage/InpatientCostAnalysis/Index

2023-09-18 14:24:21.887 309681f7-8b39-459a-a39a-d810dd215ee9
6-9d89b78e-cbc1-4f10-9099-f7015b39bd1a-/DeanInquiryManage/HospitalizationWorkload/Index

2023-09-18 14:24:22.931 bd9aa920-5e91-493a-836f-e3a3cf65725a
6-9d89b78e-cbc1-4f10-9099-f7015b39bd1a-/DeanInquiryManage/HospitalizationWorkload/Index

2023-09-18 14:24:50.038 f1276cac-9816-4e18-b255-724ed1a38d8d
6-c2c52a4d-fe01-4b6d-be32-8b177beeb33c-/DeanInquiryManage/OutpatientBenefits/Index

2023-09-18 14:25:02.323 0e2b408f-6fc2-4800-8d04-1b0a8d53221a
6-41ce66e2-f04c-4343-aef1-7faeac2d58d6-/DeanInquiryManage/OutpatientCostAnalysis/Index

2023-09-18 14:25:12.181 12e4f3fb-76c1-4b2a-8917-d214ad6f4c01
6-b8caa734-9b4d-4ffa-8a54-236357fa3491-/DeanInquiryManage/OutpatientWorkload/Index

2023-09-18 14:25:35.866 780b319e-1561-4dab-85aa-08dce81702a4
6-7cbfb05c-308c-4a34-a2e8-4dc031dcce02-/DeanInquiryManage/BusinessRanking/Index

2023-09-18 14:25:36.816 4fd60558-9635-46f8-87fe-e6ed900ffc4f
6-7cbfb05c-308c-4a34-a2e8-4dc031dcce02-/DeanInquiryManage/BusinessRanking/Index

2023-09-18 14:25:36.821 d8d3490d-fd22-4307-b8df-815d66800049
6-7cbfb05c-308c-4a34-a2e8-4dc031dcce02-/DeanInquiryManage/BusinessRanking/Index

2023-09-18 14:25:36.828 58d09df0-343b-4f4f-b87e-862d95d73bd9
6-7cbfb05c-308c-4a34-a2e8-4dc031dcce02-/DeanInquiryManage/BusinessRanking/Index

2023-09-18 14:25:36.837 f3fc424d-8284-4a6c-8336-45a87bb764e5
6-7cbfb05c-308c-4a34-a2e8-4dc031dcce02-/DeanInquiryManage/BusinessRanking/Index

2023-09-18 14:25:41.957 c89ceda3-d301-46de-8a19-af9f3a100614
6-c385b764-47bc-4679-944e-67b71ed92e9e-/DeanInquiryManage/OutpatientComprehensiveAnalysis/Index

